<testsuites id="" name="" tests="35" failures="27" skipped="0" errors="0" time="28.77736">
<testsuite name="e2e-full-flow.spec.js" timestamp="2025-09-26T03:50:52.914Z" hostname="chromium" tests="2" failures="2" skipped="0" time="0.045" errors="0">
<testcase name="착공도서 자동생성 시스템 - 전체 플로우 › 시나리오 1: 성공적인 전체 플로우" classname="e2e-full-flow.spec.js" time="0.029">
<failure message="e2e-full-flow.spec.js:26:3 시나리오 1: 성공적인 전체 플로우" type="FAILURE">
<![CDATA[  [chromium] › e2e-full-flow.spec.js:26:3 › 착공도서 자동생성 시스템 - 전체 플로우 › 시나리오 1: 성공적인 전체 플로우 ───────────

    Error: browser.newContext: Unknown permission: downloads
]]>
</failure>
</testcase>
<testcase name="착공도서 자동생성 시스템 - 전체 플로우 › 시나리오 2: 오류 처리 및 복구" classname="e2e-full-flow.spec.js" time="0.016">
<failure message="e2e-full-flow.spec.js:193:3 시나리오 2: 오류 처리 및 복구" type="FAILURE">
<![CDATA[  [chromium] › e2e-full-flow.spec.js:193:3 › 착공도서 자동생성 시스템 - 전체 플로우 › 시나리오 2: 오류 처리 및 복구 ───────────

    Error: browser.newContext: Unknown permission: downloads
]]>
</failure>
</testcase>
</testsuite>
<testsuite name="performance.spec.js" timestamp="2025-09-26T03:50:52.914Z" hostname="chromium" tests="5" failures="5" skipped="0" time="0.194" errors="0">
<testcase name="성능 및 접근성 테스트 › Core Web Vitals 측정" classname="performance.spec.js" time="0.014">
<failure message="performance.spec.js:5:3 Core Web Vitals 측정" type="FAILURE">
<![CDATA[  [chromium] › performance.spec.js:5:3 › 성능 및 접근성 테스트 › Core Web Vitals 측정 ─────────────────────────

    Error: browser.newContext: Unknown permission: downloads
]]>
</failure>
</testcase>
<testcase name="성능 및 접근성 테스트 › 모바일 반응형 테스트" classname="performance.spec.js" time="0.028">
<failure message="performance.spec.js:62:3 모바일 반응형 테스트" type="FAILURE">
<![CDATA[  [chromium] › performance.spec.js:62:3 › 성능 및 접근성 테스트 › 모바일 반응형 테스트 ───────────────────────────────

    Error: browser.newContext: Unknown permission: downloads
]]>
</failure>
</testcase>
<testcase name="성능 및 접근성 테스트 › 키보드 접근성 테스트" classname="performance.spec.js" time="0.067">
<failure message="performance.spec.js:86:3 키보드 접근성 테스트" type="FAILURE">
<![CDATA[  [chromium] › performance.spec.js:86:3 › 성능 및 접근성 테스트 › 키보드 접근성 테스트 ───────────────────────────────

    Error: browser.newContext: Unknown permission: downloads
]]>
</failure>
</testcase>
<testcase name="성능 및 접근성 테스트 › 대용량 파일 처리 성능" classname="performance.spec.js" time="0.015">
<failure message="performance.spec.js:104:3 대용량 파일 처리 성능" type="FAILURE">
<![CDATA[  [chromium] › performance.spec.js:104:3 › 성능 및 접근성 테스트 › 대용량 파일 처리 성능 ─────────────────────────────

    Error: browser.newContext: Unknown permission: downloads
]]>
</failure>
</testcase>
<testcase name="성능 및 접근성 테스트 › 브라우저 호환성" classname="performance.spec.js" time="0.07">
<failure message="performance.spec.js:138:3 브라우저 호환성" type="FAILURE">
<![CDATA[  [chromium] › performance.spec.js:138:3 › 성능 및 접근성 테스트 › 브라우저 호환성 ─────────────────────────────────

    Error: browser.newContext: Unknown permission: downloads
]]>
</failure>
</testcase>
</testsuite>
<testsuite name="e2e-full-flow.spec.js" timestamp="2025-09-26T03:50:52.914Z" hostname="firefox" tests="2" failures="2" skipped="0" time="0.248" errors="0">
<testcase name="착공도서 자동생성 시스템 - 전체 플로우 › 시나리오 1: 성공적인 전체 플로우" classname="e2e-full-flow.spec.js" time="0.105">
<failure message="e2e-full-flow.spec.js:26:3 시나리오 1: 성공적인 전체 플로우" type="FAILURE">
<![CDATA[  [firefox] › e2e-full-flow.spec.js:26:3 › 착공도서 자동생성 시스템 - 전체 플로우 › 시나리오 1: 성공적인 전체 플로우 ────────────

    Error: browser.newContext: Unknown permission: downloads
]]>
</failure>
</testcase>
<testcase name="착공도서 자동생성 시스템 - 전체 플로우 › 시나리오 2: 오류 처리 및 복구" classname="e2e-full-flow.spec.js" time="0.143">
<failure message="e2e-full-flow.spec.js:193:3 시나리오 2: 오류 처리 및 복구" type="FAILURE">
<![CDATA[  [firefox] › e2e-full-flow.spec.js:193:3 › 착공도서 자동생성 시스템 - 전체 플로우 › 시나리오 2: 오류 처리 및 복구 ────────────

    Error: browser.newContext: Unknown permission: downloads
]]>
</failure>
</testcase>
</testsuite>
<testsuite name="performance.spec.js" timestamp="2025-09-26T03:50:52.914Z" hostname="firefox" tests="5" failures="5" skipped="0" time="0.237" errors="0">
<testcase name="성능 및 접근성 테스트 › Core Web Vitals 측정" classname="performance.spec.js" time="0.023">
<failure message="performance.spec.js:5:3 Core Web Vitals 측정" type="FAILURE">
<![CDATA[  [firefox] › performance.spec.js:5:3 › 성능 및 접근성 테스트 › Core Web Vitals 측정 ──────────────────────────

    Error: browser.newContext: Unknown permission: downloads
]]>
</failure>
</testcase>
<testcase name="성능 및 접근성 테스트 › 모바일 반응형 테스트" classname="performance.spec.js" time="0.16">
<failure message="performance.spec.js:62:3 모바일 반응형 테스트" type="FAILURE">
<![CDATA[  [firefox] › performance.spec.js:62:3 › 성능 및 접근성 테스트 › 모바일 반응형 테스트 ────────────────────────────────

    Error: browser.newContext: Unknown permission: downloads
]]>
</failure>
</testcase>
<testcase name="성능 및 접근성 테스트 › 키보드 접근성 테스트" classname="performance.spec.js" time="0.012">
<failure message="performance.spec.js:86:3 키보드 접근성 테스트" type="FAILURE">
<![CDATA[  [firefox] › performance.spec.js:86:3 › 성능 및 접근성 테스트 › 키보드 접근성 테스트 ────────────────────────────────

    Error: browser.newContext: Unknown permission: downloads
]]>
</failure>
</testcase>
<testcase name="성능 및 접근성 테스트 › 대용량 파일 처리 성능" classname="performance.spec.js" time="0.017">
<failure message="performance.spec.js:104:3 대용량 파일 처리 성능" type="FAILURE">
<![CDATA[  [firefox] › performance.spec.js:104:3 › 성능 및 접근성 테스트 › 대용량 파일 처리 성능 ──────────────────────────────

    Error: browser.newContext: Unknown permission: downloads
]]>
</failure>
</testcase>
<testcase name="성능 및 접근성 테스트 › 브라우저 호환성" classname="performance.spec.js" time="0.025">
<failure message="performance.spec.js:138:3 브라우저 호환성" type="FAILURE">
<![CDATA[  [firefox] › performance.spec.js:138:3 › 성능 및 접근성 테스트 › 브라우저 호환성 ──────────────────────────────────

    Error: browser.newContext: Unknown permission: downloads
]]>
</failure>
</testcase>
</testsuite>
<testsuite name="e2e-full-flow.spec.js" timestamp="2025-09-26T03:50:52.914Z" hostname="webkit" tests="2" failures="2" skipped="0" time="0.99" errors="0">
<testcase name="착공도서 자동생성 시스템 - 전체 플로우 › 시나리오 1: 성공적인 전체 플로우" classname="e2e-full-flow.spec.js" time="0.494">
<failure message="e2e-full-flow.spec.js:26:3 시나리오 1: 성공적인 전체 플로우" type="FAILURE">
<![CDATA[  [webkit] › e2e-full-flow.spec.js:26:3 › 착공도서 자동생성 시스템 - 전체 플로우 › 시나리오 1: 성공적인 전체 플로우 ─────────────

    Error: browserContext.newPage: Unknown permission: downloads
]]>
</failure>
</testcase>
<testcase name="착공도서 자동생성 시스템 - 전체 플로우 › 시나리오 2: 오류 처리 및 복구" classname="e2e-full-flow.spec.js" time="0.496">
<failure message="e2e-full-flow.spec.js:193:3 시나리오 2: 오류 처리 및 복구" type="FAILURE">
<![CDATA[  [webkit] › e2e-full-flow.spec.js:193:3 › 착공도서 자동생성 시스템 - 전체 플로우 › 시나리오 2: 오류 처리 및 복구 ─────────────

    Error: browserContext.newPage: Unknown permission: downloads
]]>
</failure>
</testcase>
</testsuite>
<testsuite name="performance.spec.js" timestamp="2025-09-26T03:50:52.914Z" hostname="webkit" tests="5" failures="5" skipped="0" time="2.266" errors="0">
<testcase name="성능 및 접근성 테스트 › Core Web Vitals 측정" classname="performance.spec.js" time="0.515">
<failure message="performance.spec.js:5:3 Core Web Vitals 측정" type="FAILURE">
<![CDATA[  [webkit] › performance.spec.js:5:3 › 성능 및 접근성 테스트 › Core Web Vitals 측정 ───────────────────────────

    Error: browserContext.newPage: Unknown permission: downloads
]]>
</failure>
</testcase>
<testcase name="성능 및 접근성 테스트 › 모바일 반응형 테스트" classname="performance.spec.js" time="0.503">
<failure message="performance.spec.js:62:3 모바일 반응형 테스트" type="FAILURE">
<![CDATA[  [webkit] › performance.spec.js:62:3 › 성능 및 접근성 테스트 › 모바일 반응형 테스트 ─────────────────────────────────

    Error: browserContext.newPage: Unknown permission: downloads
]]>
</failure>
</testcase>
<testcase name="성능 및 접근성 테스트 › 키보드 접근성 테스트" classname="performance.spec.js" time="0.421">
<failure message="performance.spec.js:86:3 키보드 접근성 테스트" type="FAILURE">
<![CDATA[  [webkit] › performance.spec.js:86:3 › 성능 및 접근성 테스트 › 키보드 접근성 테스트 ─────────────────────────────────

    Error: browserContext.newPage: Unknown permission: downloads
]]>
</failure>
</testcase>
<testcase name="성능 및 접근성 테스트 › 대용량 파일 처리 성능" classname="performance.spec.js" time="0.425">
<failure message="performance.spec.js:104:3 대용량 파일 처리 성능" type="FAILURE">
<![CDATA[  [webkit] › performance.spec.js:104:3 › 성능 및 접근성 테스트 › 대용량 파일 처리 성능 ───────────────────────────────

    Error: browserContext.newPage: Unknown permission: downloads
]]>
</failure>
</testcase>
<testcase name="성능 및 접근성 테스트 › 브라우저 호환성" classname="performance.spec.js" time="0.402">
<failure message="performance.spec.js:138:3 브라우저 호환성" type="FAILURE">
<![CDATA[  [webkit] › performance.spec.js:138:3 › 성능 및 접근성 테스트 › 브라우저 호환성 ───────────────────────────────────

    Error: browserContext.newPage: Unknown permission: downloads
]]>
</failure>
</testcase>
</testsuite>
<testsuite name="e2e-full-flow.spec.js" timestamp="2025-09-26T03:50:52.914Z" hostname="Mobile Chrome" tests="2" failures="1" skipped="0" time="2.324" errors="0">
<testcase name="착공도서 자동생성 시스템 - 전체 플로우 › 시나리오 1: 성공적인 전체 플로우" classname="e2e-full-flow.spec.js" time="1.54">
<failure message="e2e-full-flow.spec.js:26:3 시나리오 1: 성공적인 전체 플로우" type="FAILURE">
<![CDATA[  [Mobile Chrome] › e2e-full-flow.spec.js:26:3 › 착공도서 자동생성 시스템 - 전체 플로우 › 시나리오 1: 성공적인 전체 플로우 › 엑셀 파일 업로드 

    Error: expect.toBeVisible: Error: strict mode violation: locator('.file-status') resolved to 3 elements:
        1) <div id="excel-status" class="file-status"></div> aka locator('#excel-status')
        2) <div class="file-status" id="minimap-status"></div> aka locator('#minimap-status')
        3) <div id="scenes-status" class="file-status"></div> aka locator('#scenes-status')

    Call log:
      - Expect "toBeVisible" with timeout 10000ms
      - waiting for locator('.file-status')


      39 |
      40 |       // 썸네일 또는 파일 정보 표시 확인
    > 41 |       await expect(page.locator('.file-status')).toBeVisible({ timeout: 10000 });
         |                                                  ^
      42 |     });
      43 |
      44 |     await test.step('미니맵 이미지 업로드', async () => {
        at /Users/jsy-home-macmini/Desktop/service_construction/tests/e2e-full-flow.spec.js:41:50
        at /Users/jsy-home-macmini/Desktop/service_construction/tests/e2e-full-flow.spec.js:32:5

    attachment #1: screenshot (image/png) ──────────────────────────────────────────────────────────
    ../test-results/e2e-full-flow-착공도서-자동생성-시스템---전체-플로우-시나리오-1-성공적인-전체-플로우-Mobile-Chrome/test-failed-1.png
    ────────────────────────────────────────────────────────────────────────────────────────────────

    attachment #2: video (video/webm) ──────────────────────────────────────────────────────────────
    ../test-results/e2e-full-flow-착공도서-자동생성-시스템---전체-플로우-시나리오-1-성공적인-전체-플로우-Mobile-Chrome/video.webm
    ────────────────────────────────────────────────────────────────────────────────────────────────

    Error Context: ../test-results/e2e-full-flow-착공도서-자동생성-시스템---전체-플로우-시나리오-1-성공적인-전체-플로우-Mobile-Chrome/error-context.md
]]>
</failure>
<system-out>
<![CDATA[🎯 1단계: 파일 업로드 시작

[[ATTACHMENT|e2e-full-flow-착공도서-자동생성-시스템---전체-플로우-시나리오-1-성공적인-전체-플로우-Mobile-Chrome/test-failed-1.png]]

[[ATTACHMENT|e2e-full-flow-착공도서-자동생성-시스템---전체-플로우-시나리오-1-성공적인-전체-플로우-Mobile-Chrome/video.webm]]

[[ATTACHMENT|e2e-full-flow-착공도서-자동생성-시스템---전체-플로우-시나리오-1-성공적인-전체-플로우-Mobile-Chrome/error-context.md]]
]]>
</system-out>
</testcase>
<testcase name="착공도서 자동생성 시스템 - 전체 플로우 › 시나리오 2: 오류 처리 및 복구" classname="e2e-full-flow.spec.js" time="0.784">
</testcase>
</testsuite>
<testsuite name="performance.spec.js" timestamp="2025-09-26T03:50:52.914Z" hostname="Mobile Chrome" tests="5" failures="2" skipped="0" time="8.066" errors="0">
<testcase name="성능 및 접근성 테스트 › Core Web Vitals 측정" classname="performance.spec.js" time="6.385">
<system-out>
<![CDATA[📊 Web Vitals: {}
]]>
</system-out>
</testcase>
<testcase name="성능 및 접근성 테스트 › 모바일 반응형 테스트" classname="performance.spec.js" time="0.631">
<failure message="performance.spec.js:62:3 모바일 반응형 테스트" type="FAILURE">
<![CDATA[  [Mobile Chrome] › performance.spec.js:62:3 › 성능 및 접근성 테스트 › 모바일 반응형 테스트 ──────────────────────────

    Error: expect.toBeVisible: Error: strict mode violation: locator('.file-upload-area') resolved to 3 elements:
        1) <div id="excel-upload" class="file-upload-area">…</div> aka locator('#excel-upload')
        2) <div id="minimap-upload" class="file-upload-area">…</div> aka locator('#minimap-upload')
        3) <div id="scenes-upload" class="file-upload-area">…</div> aka locator('#scenes-upload')

    Call log:
      - Expect "toBeVisible" with timeout 5000ms
      - waiting for locator('.file-upload-area')


      68 |     await expect(page.locator('h1')).toBeVisible();
      69 |     await expect(page.locator('.progress-steps')).toBeVisible();
    > 70 |     await expect(page.locator('.file-upload-area')).toBeVisible();
         |                                                     ^
      71 |
      72 |     // 터치 타겟 크기 확인 (최소 44px)
      73 |     const buttons = page.locator('button');
        at /Users/jsy-home-macmini/Desktop/service_construction/tests/performance.spec.js:70:53

    attachment #1: screenshot (image/png) ──────────────────────────────────────────────────────────
    ../test-results/performance-성능-및-접근성-테스트-모바일-반응형-테스트-Mobile-Chrome/test-failed-1.png
    ────────────────────────────────────────────────────────────────────────────────────────────────

    attachment #2: video (video/webm) ──────────────────────────────────────────────────────────────
    ../test-results/performance-성능-및-접근성-테스트-모바일-반응형-테스트-Mobile-Chrome/video.webm
    ────────────────────────────────────────────────────────────────────────────────────────────────

    Error Context: ../test-results/performance-성능-및-접근성-테스트-모바일-반응형-테스트-Mobile-Chrome/error-context.md
]]>
</failure>
<system-out>
<![CDATA[
[[ATTACHMENT|performance-성능-및-접근성-테스트-모바일-반응형-테스트-Mobile-Chrome/test-failed-1.png]]

[[ATTACHMENT|performance-성능-및-접근성-테스트-모바일-반응형-테스트-Mobile-Chrome/video.webm]]

[[ATTACHMENT|performance-성능-및-접근성-테스트-모바일-반응형-테스트-Mobile-Chrome/error-context.md]]
]]>
</system-out>
</testcase>
<testcase name="성능 및 접근성 테스트 › 키보드 접근성 테스트" classname="performance.spec.js" time="0.377">
<failure message="performance.spec.js:86:3 키보드 접근성 테스트" type="FAILURE">
<![CDATA[  [Mobile Chrome] › performance.spec.js:86:3 › 성능 및 접근성 테스트 › 키보드 접근성 테스트 ──────────────────────────

    Error: expect(received).toContain(expected) // indexOf

    Expected value: "BODY"
    Received array: ["BUTTON", "INPUT", "A", "DIV"]

       98 |       await page.keyboard.press('Tab');
       99 |       const currentFocus = await page.evaluate(() => document.activeElement.tagName);
    > 100 |       expect(['BUTTON', 'INPUT', 'A', 'DIV']).toContain(currentFocus);
          |                                               ^
      101 |     }
      102 |   });
      103 |
        at /Users/jsy-home-macmini/Desktop/service_construction/tests/performance.spec.js:100:47

    attachment #1: screenshot (image/png) ──────────────────────────────────────────────────────────
    ../test-results/performance-성능-및-접근성-테스트-키보드-접근성-테스트-Mobile-Chrome/test-failed-1.png
    ────────────────────────────────────────────────────────────────────────────────────────────────

    attachment #2: video (video/webm) ──────────────────────────────────────────────────────────────
    ../test-results/performance-성능-및-접근성-테스트-키보드-접근성-테스트-Mobile-Chrome/video.webm
    ────────────────────────────────────────────────────────────────────────────────────────────────

    Error Context: ../test-results/performance-성능-및-접근성-테스트-키보드-접근성-테스트-Mobile-Chrome/error-context.md
]]>
</failure>
<system-out>
<![CDATA[
[[ATTACHMENT|performance-성능-및-접근성-테스트-키보드-접근성-테스트-Mobile-Chrome/test-failed-1.png]]

[[ATTACHMENT|performance-성능-및-접근성-테스트-키보드-접근성-테스트-Mobile-Chrome/video.webm]]

[[ATTACHMENT|performance-성능-및-접근성-테스트-키보드-접근성-테스트-Mobile-Chrome/error-context.md]]
]]>
</system-out>
</testcase>
<testcase name="성능 및 접근성 테스트 › 대용량 파일 처리 성능" classname="performance.spec.js" time="0.383">
<system-out>
<![CDATA[메모리 사용량 증가: 0MB
]]>
</system-out>
</testcase>
<testcase name="성능 및 접근성 테스트 › 브라우저 호환성" classname="performance.spec.js" time="0.29">
<system-out>
<![CDATA[chromium: XLSX=true, PptxGenJS=true
]]>
</system-out>
</testcase>
</testsuite>
<testsuite name="e2e-full-flow.spec.js" timestamp="2025-09-26T03:50:52.914Z" hostname="Mobile Safari" tests="2" failures="1" skipped="0" time="3.213" errors="0">
<testcase name="착공도서 자동생성 시스템 - 전체 플로우 › 시나리오 1: 성공적인 전체 플로우" classname="e2e-full-flow.spec.js" time="1.812">
<failure message="e2e-full-flow.spec.js:26:3 시나리오 1: 성공적인 전체 플로우" type="FAILURE">
<![CDATA[  [Mobile Safari] › e2e-full-flow.spec.js:26:3 › 착공도서 자동생성 시스템 - 전체 플로우 › 시나리오 1: 성공적인 전체 플로우 › 엑셀 파일 업로드 

    Error: expect.toBeVisible: Error: strict mode violation: locator('.file-status') resolved to 3 elements:
        1) <div id="excel-status" class="file-status"></div> aka locator('#excel-status')
        2) <div class="file-status" id="minimap-status"></div> aka locator('#minimap-status')
        3) <div id="scenes-status" class="file-status"></div> aka locator('#scenes-status')

    Call log:
      - Expect "toBeVisible" with timeout 10000ms
      - waiting for locator('.file-status')


      39 |
      40 |       // 썸네일 또는 파일 정보 표시 확인
    > 41 |       await expect(page.locator('.file-status')).toBeVisible({ timeout: 10000 });
         |                                                  ^
      42 |     });
      43 |
      44 |     await test.step('미니맵 이미지 업로드', async () => {
        at /Users/jsy-home-macmini/Desktop/service_construction/tests/e2e-full-flow.spec.js:41:50
        at /Users/jsy-home-macmini/Desktop/service_construction/tests/e2e-full-flow.spec.js:32:5

    attachment #1: screenshot (image/png) ──────────────────────────────────────────────────────────
    ../test-results/e2e-full-flow-착공도서-자동생성-시스템---전체-플로우-시나리오-1-성공적인-전체-플로우-Mobile-Safari/test-failed-1.png
    ────────────────────────────────────────────────────────────────────────────────────────────────

    attachment #2: video (video/webm) ──────────────────────────────────────────────────────────────
    ../test-results/e2e-full-flow-착공도서-자동생성-시스템---전체-플로우-시나리오-1-성공적인-전체-플로우-Mobile-Safari/video.webm
    ────────────────────────────────────────────────────────────────────────────────────────────────

    Error Context: ../test-results/e2e-full-flow-착공도서-자동생성-시스템---전체-플로우-시나리오-1-성공적인-전체-플로우-Mobile-Safari/error-context.md
]]>
</failure>
<system-out>
<![CDATA[🎯 1단계: 파일 업로드 시작

[[ATTACHMENT|e2e-full-flow-착공도서-자동생성-시스템---전체-플로우-시나리오-1-성공적인-전체-플로우-Mobile-Safari/test-failed-1.png]]

[[ATTACHMENT|e2e-full-flow-착공도서-자동생성-시스템---전체-플로우-시나리오-1-성공적인-전체-플로우-Mobile-Safari/video.webm]]

[[ATTACHMENT|e2e-full-flow-착공도서-자동생성-시스템---전체-플로우-시나리오-1-성공적인-전체-플로우-Mobile-Safari/error-context.md]]
]]>
</system-out>
</testcase>
<testcase name="착공도서 자동생성 시스템 - 전체 플로우 › 시나리오 2: 오류 처리 및 복구" classname="e2e-full-flow.spec.js" time="1.401">
</testcase>
</testsuite>
<testsuite name="performance.spec.js" timestamp="2025-09-26T03:50:52.914Z" hostname="Mobile Safari" tests="5" failures="2" skipped="0" time="8.658" errors="0">
<testcase name="성능 및 접근성 테스트 › Core Web Vitals 측정" classname="performance.spec.js" time="6.215">
<system-out>
<![CDATA[📊 Web Vitals: {}
]]>
</system-out>
</testcase>
<testcase name="성능 및 접근성 테스트 › 모바일 반응형 테스트" classname="performance.spec.js" time="0.517">
<failure message="performance.spec.js:62:3 모바일 반응형 테스트" type="FAILURE">
<![CDATA[  [Mobile Safari] › performance.spec.js:62:3 › 성능 및 접근성 테스트 › 모바일 반응형 테스트 ──────────────────────────

    Error: expect.toBeVisible: Error: strict mode violation: locator('.file-upload-area') resolved to 3 elements:
        1) <div id="excel-upload" class="file-upload-area">…</div> aka locator('#excel-upload')
        2) <div id="minimap-upload" class="file-upload-area">…</div> aka locator('#minimap-upload')
        3) <div id="scenes-upload" class="file-upload-area">…</div> aka locator('#scenes-upload')

    Call log:
      - Expect "toBeVisible" with timeout 5000ms
      - waiting for locator('.file-upload-area')


      68 |     await expect(page.locator('h1')).toBeVisible();
      69 |     await expect(page.locator('.progress-steps')).toBeVisible();
    > 70 |     await expect(page.locator('.file-upload-area')).toBeVisible();
         |                                                     ^
      71 |
      72 |     // 터치 타겟 크기 확인 (최소 44px)
      73 |     const buttons = page.locator('button');
        at /Users/jsy-home-macmini/Desktop/service_construction/tests/performance.spec.js:70:53

    attachment #1: screenshot (image/png) ──────────────────────────────────────────────────────────
    ../test-results/performance-성능-및-접근성-테스트-모바일-반응형-테스트-Mobile-Safari/test-failed-1.png
    ────────────────────────────────────────────────────────────────────────────────────────────────

    attachment #2: video (video/webm) ──────────────────────────────────────────────────────────────
    ../test-results/performance-성능-및-접근성-테스트-모바일-반응형-테스트-Mobile-Safari/video.webm
    ────────────────────────────────────────────────────────────────────────────────────────────────

    Error Context: ../test-results/performance-성능-및-접근성-테스트-모바일-반응형-테스트-Mobile-Safari/error-context.md
]]>
</failure>
<system-out>
<![CDATA[
[[ATTACHMENT|performance-성능-및-접근성-테스트-모바일-반응형-테스트-Mobile-Safari/test-failed-1.png]]

[[ATTACHMENT|performance-성능-및-접근성-테스트-모바일-반응형-테스트-Mobile-Safari/video.webm]]

[[ATTACHMENT|performance-성능-및-접근성-테스트-모바일-반응형-테스트-Mobile-Safari/error-context.md]]
]]>
</system-out>
</testcase>
<testcase name="성능 및 접근성 테스트 › 키보드 접근성 테스트" classname="performance.spec.js" time="0.7">
<failure message="performance.spec.js:86:3 키보드 접근성 테스트" type="FAILURE">
<![CDATA[  [Mobile Safari] › performance.spec.js:86:3 › 성능 및 접근성 테스트 › 키보드 접근성 테스트 ──────────────────────────

    Error: expect(received).toContain(expected) // indexOf

    Expected value: "BODY"
    Received array: ["BUTTON", "INPUT", "A"]

      92 |     // 포커스된 요소 확인
      93 |     const focusedElement = await page.evaluate(() => document.activeElement.tagName);
    > 94 |     expect(['BUTTON', 'INPUT', 'A']).toContain(focusedElement);
         |                                      ^
      95 |
      96 |     // 여러 번 Tab을 눌러서 네비게이션 확인
      97 |     for (let i = 0; i < 5; i++) {
        at /Users/jsy-home-macmini/Desktop/service_construction/tests/performance.spec.js:94:38

    attachment #1: screenshot (image/png) ──────────────────────────────────────────────────────────
    ../test-results/performance-성능-및-접근성-테스트-키보드-접근성-테스트-Mobile-Safari/test-failed-1.png
    ────────────────────────────────────────────────────────────────────────────────────────────────

    attachment #2: video (video/webm) ──────────────────────────────────────────────────────────────
    ../test-results/performance-성능-및-접근성-테스트-키보드-접근성-테스트-Mobile-Safari/video.webm
    ────────────────────────────────────────────────────────────────────────────────────────────────

    Error Context: ../test-results/performance-성능-및-접근성-테스트-키보드-접근성-테스트-Mobile-Safari/error-context.md
]]>
</failure>
<system-out>
<![CDATA[
[[ATTACHMENT|performance-성능-및-접근성-테스트-키보드-접근성-테스트-Mobile-Safari/test-failed-1.png]]

[[ATTACHMENT|performance-성능-및-접근성-테스트-키보드-접근성-테스트-Mobile-Safari/video.webm]]

[[ATTACHMENT|performance-성능-및-접근성-테스트-키보드-접근성-테스트-Mobile-Safari/error-context.md]]
]]>
</system-out>
</testcase>
<testcase name="성능 및 접근성 테스트 › 대용량 파일 처리 성능" classname="performance.spec.js" time="0.631">
<system-out>
<![CDATA[메모리 사용량 증가: 0MB
]]>
</system-out>
</testcase>
<testcase name="성능 및 접근성 테스트 › 브라우저 호환성" classname="performance.spec.js" time="0.595">
<system-out>
<![CDATA[webkit: XLSX=true, PptxGenJS=true
]]>
</system-out>
</testcase>
</testsuite>
</testsuites>